  homework3.cpp
C:\Users\mi\source\repos\homework3\homework3\homework3.cpp(78,27): error C2429: 语言功能 "结构化绑定" 需要编译器标志 "/std:c++17"
C:\Users\mi\source\repos\homework3\homework3\homework3.cpp(99,9): error C2664: “void HuffTree::generateCodeTable(const std::shared_ptr<HuffNode> &,const std::string &)”: 无法将参数 1 从“std::shared_ptr<BinNode<std::pair<int,char>>>”转换为“const std::shared_ptr<HuffNode> &”
C:\Users\mi\source\repos\homework3\homework3\homework3.cpp(99,27): message : 原因如下: 无法从“std::shared_ptr<BinNode<std::pair<int,char>>>”转换为“const std::shared_ptr<HuffNode>”
C:\Users\mi\source\repos\homework3\homework3\homework3.cpp(99,27): message : 没有可用于执行该转换的用户定义的转换运算符，或者无法调用该运算符
C:\Users\mi\source\repos\homework3\homework3\homework3.cpp(111,10): message : 参见“HuffTree::generateCodeTable”的声明
C:\Users\mi\source\repos\homework3\homework3\homework3.cpp(99,9): message : 尝试匹配参数列表“(std::shared_ptr<BinNode<std::pair<int,char>>>, const char [1])”时
C:\Users\mi\source\repos\homework3\homework3\homework3.cpp(120,13): error C2664: “void HuffTree::generateCodeTable(const std::shared_ptr<HuffNode> &,const std::string &)”: 无法将参数 1 从“std::shared_ptr<BinNode<std::pair<int,char>>>”转换为“const std::shared_ptr<HuffNode> &”
C:\Users\mi\source\repos\homework3\homework3\homework3.cpp(120,32): message : 原因如下: 无法从“std::shared_ptr<BinNode<std::pair<int,char>>>”转换为“const std::shared_ptr<HuffNode>”
C:\Users\mi\source\repos\homework3\homework3\homework3.cpp(120,32): message : 没有可用于执行该转换的用户定义的转换运算符，或者无法调用该运算符
C:\Users\mi\source\repos\homework3\homework3\homework3.cpp(111,10): message : 参见“HuffTree::generateCodeTable”的声明
C:\Users\mi\source\repos\homework3\homework3\homework3.cpp(120,13): message : 尝试匹配参数列表“(std::shared_ptr<BinNode<std::pair<int,char>>>, std::basic_string<char,std::char_traits<char>,std::allocator<char>>)”时
C:\Users\mi\source\repos\homework3\homework3\homework3.cpp(121,13): error C2664: “void HuffTree::generateCodeTable(const std::shared_ptr<HuffNode> &,const std::string &)”: 无法将参数 1 从“std::shared_ptr<BinNode<std::pair<int,char>>>”转换为“const std::shared_ptr<HuffNode> &”
C:\Users\mi\source\repos\homework3\homework3\homework3.cpp(121,32): message : 原因如下: 无法从“std::shared_ptr<BinNode<std::pair<int,char>>>”转换为“const std::shared_ptr<HuffNode>”
C:\Users\mi\source\repos\homework3\homework3\homework3.cpp(121,32): message : 没有可用于执行该转换的用户定义的转换运算符，或者无法调用该运算符
C:\Users\mi\source\repos\homework3\homework3\homework3.cpp(111,10): message : 参见“HuffTree::generateCodeTable”的声明
C:\Users\mi\source\repos\homework3\homework3\homework3.cpp(121,13): message : 尝试匹配参数列表“(std::shared_ptr<BinNode<std::pair<int,char>>>, std::basic_string<char,std::char_traits<char>,std::allocator<char>>)”时
C:\Users\mi\source\repos\homework3\homework3\homework3.cpp(141,20): error C4996: 'fopen': This function or variable may be unsafe. Consider using fopen_s instead. To disable deprecation, use _CRT_SECURE_NO_WARNINGS. See online help for details.
C:\Users\mi\source\repos\homework3\homework3\homework3.cpp(152,20): error C4996: 'fopen': This function or variable may be unsafe. Consider using fopen_s instead. To disable deprecation, use _CRT_SECURE_NO_WARNINGS. See online help for details.
C:\Users\mi\source\repos\homework3\homework3\homework3.cpp(185): warning C4267: “初始化”: 从“size_t”转换到“int”，可能丢失数据
C:\Users\mi\source\repos\homework3\homework3\homework3.cpp(200,27): error C2662: “bool Bitmap::test(int)”: 不能将“this”指针从“const HuffCode”转换为“Bitmap &”
C:\Users\mi\source\repos\homework3\homework3\homework3.cpp(200,27): message : 转换丢失限定符
C:\Users\mi\source\repos\homework3\homework3\homework3.cpp(149,10): message : 参见“Bitmap::test”的声明
C:\Users\mi\source\repos\homework3\homework3\homework3.cpp(200,27): message : 尝试匹配参数列表“(int)”时
C:\Users\mi\source\repos\homework3\homework3\homework3.cpp(242,15): error C2662: “bool Bitmap::test(int)”: 不能将“this”指针从“const HuffCode”转换为“Bitmap &”
C:\Users\mi\source\repos\homework3\homework3\homework3.cpp(242,13): message : 转换丢失限定符
C:\Users\mi\source\repos\homework3\homework3\homework3.cpp(149,10): message : 参见“Bitmap::test”的声明
C:\Users\mi\source\repos\homework3\homework3\homework3.cpp(242,15): message : 尝试匹配参数列表“(int)”时
C:\Users\mi\source\repos\homework3\homework3\homework3.cpp(246,24): error C2039: "ch": 不是 "BinNode<std::pair<int,char>>" 的成员
C:\Users\mi\source\repos\homework3\homework3\homework3.cpp(51,25): message : 参见“BinNode<std::pair<int,char>>”的声明
C:\Users\mi\source\repos\homework3\homework3\homework3.cpp(283,23): error C2429: 语言功能 "结构化绑定" 需要编译器标志 "/std:c++17"
C:\Users\mi\source\repos\homework3\homework3\homework3.cpp(284,14): error C2593: “operator <<”不明确
C:\Program Files\Microsoft Visual Studio\2022\Community\VC\Tools\MSVC\14.35.32215\include\ostream(475,39): message : 可能是“std::basic_ostream<char,std::char_traits<char>> &std::basic_ostream<char,std::char_traits<char>>::operator <<(std::basic_streambuf<char,std::char_traits<char>> *)”
C:\Program Files\Microsoft Visual Studio\2022\Community\VC\Tools\MSVC\14.35.32215\include\ostream(443,39): message : 或    “std::basic_ostream<char,std::char_traits<char>> &std::basic_ostream<char,std::char_traits<char>>::operator <<(const void *)”
C:\Program Files\Microsoft Visual Studio\2022\Community\VC\Tools\MSVC\14.35.32215\include\ostream(425,39): message : 或    “std::basic_ostream<char,std::char_traits<char>> &std::basic_ostream<char,std::char_traits<char>>::operator <<(long double)”
C:\Program Files\Microsoft Visual Studio\2022\Community\VC\Tools\MSVC\14.35.32215\include\ostream(407,39): message : 或    “std::basic_ostream<char,std::char_traits<char>> &std::basic_ostream<char,std::char_traits<char>>::operator <<(double)”
C:\Program Files\Microsoft Visual Studio\2022\Community\VC\Tools\MSVC\14.35.32215\include\ostream(389,39): message : 或    “std::basic_ostream<char,std::char_traits<char>> &std::basic_ostream<char,std::char_traits<char>>::operator <<(float)”
C:\Program Files\Microsoft Visual Studio\2022\Community\VC\Tools\MSVC\14.35.32215\include\ostream(371,39): message : 或    “std::basic_ostream<char,std::char_traits<char>> &std::basic_ostream<char,std::char_traits<char>>::operator <<(unsigned __int64)”
C:\Program Files\Microsoft Visual Studio\2022\Community\VC\Tools\MSVC\14.35.32215\include\ostream(353,39): message : 或    “std::basic_ostream<char,std::char_traits<char>> &std::basic_ostream<char,std::char_traits<char>>::operator <<(__int64)”
C:\Program Files\Microsoft Visual Studio\2022\Community\VC\Tools\MSVC\14.35.32215\include\ostream(335,39): message : 或    “std::basic_ostream<char,std::char_traits<char>> &std::basic_ostream<char,std::char_traits<char>>::operator <<(unsigned long)”
C:\Program Files\Microsoft Visual Studio\2022\Community\VC\Tools\MSVC\14.35.32215\include\ostream(317,39): message : 或    “std::basic_ostream<char,std::char_traits<char>> &std::basic_ostream<char,std::char_traits<char>>::operator <<(long)”
C:\Program Files\Microsoft Visual Studio\2022\Community\VC\Tools\MSVC\14.35.32215\include\ostream(298,39): message : 或    “std::basic_ostream<char,std::char_traits<char>> &std::basic_ostream<char,std::char_traits<char>>::operator <<(unsigned int)”
C:\Program Files\Microsoft Visual Studio\2022\Community\VC\Tools\MSVC\14.35.32215\include\ostream(272,39): message : 或    “std::basic_ostream<char,std::char_traits<char>> &std::basic_ostream<char,std::char_traits<char>>::operator <<(int)”
C:\Program Files\Microsoft Visual Studio\2022\Community\VC\Tools\MSVC\14.35.32215\include\ostream(253,39): message : 或    “std::basic_ostream<char,std::char_traits<char>> &std::basic_ostream<char,std::char_traits<char>>::operator <<(unsigned short)”
C:\Program Files\Microsoft Visual Studio\2022\Community\VC\Tools\MSVC\14.35.32215\include\ostream(219,39): message : 或    “std::basic_ostream<char,std::char_traits<char>> &std::basic_ostream<char,std::char_traits<char>>::operator <<(short)”
C:\Program Files\Microsoft Visual Studio\2022\Community\VC\Tools\MSVC\14.35.32215\include\ostream(201,39): message : 或    “std::basic_ostream<char,std::char_traits<char>> &std::basic_ostream<char,std::char_traits<char>>::operator <<(bool)”
C:\Program Files\Microsoft Visual Studio\2022\Community\VC\Tools\MSVC\14.35.32215\include\ostream(195,39): message : 或    “std::basic_ostream<char,std::char_traits<char>> &std::basic_ostream<char,std::char_traits<char>>::operator <<(std::ios_base &(__cdecl *)(std::ios_base &))”
C:\Program Files\Microsoft Visual Studio\2022\Community\VC\Tools\MSVC\14.35.32215\include\ostream(189,39): message : 或    “std::basic_ostream<char,std::char_traits<char>> &std::basic_ostream<char,std::char_traits<char>>::operator <<(std::basic_ios<char,std::char_traits<char>> &(__cdecl *)(std::basic_ios<char,std::char_traits<char>> &))”
C:\Program Files\Microsoft Visual Studio\2022\Community\VC\Tools\MSVC\14.35.32215\include\ostream(184,39): message : 或    “std::basic_ostream<char,std::char_traits<char>> &std::basic_ostream<char,std::char_traits<char>>::operator <<(std::basic_ostream<char,std::char_traits<char>> &(__cdecl *)(std::basic_ostream<char,std::char_traits<char>> &))”
C:\Program Files\Microsoft Visual Studio\2022\Community\VC\Tools\MSVC\14.35.32215\include\ostream(681,32): message : 或    “std::basic_ostream<char,std::char_traits<char>> &std::operator <<<char,std::char_traits<char>>(std::basic_ostream<char,std::char_traits<char>> &,const char *)”
C:\Program Files\Microsoft Visual Studio\2022\Community\VC\Tools\MSVC\14.35.32215\include\ostream(725,32): message : 或    “std::basic_ostream<char,std::char_traits<char>> &std::operator <<<char,std::char_traits<char>>(std::basic_ostream<char,std::char_traits<char>> &,char)”
C:\Program Files\Microsoft Visual Studio\2022\Community\VC\Tools\MSVC\14.35.32215\include\ostream(761,31): message : 或    “std::basic_ostream<char,std::char_traits<char>> &std::operator <<<std::char_traits<char>>(std::basic_ostream<char,std::char_traits<char>> &,const char *)”
C:\Program Files\Microsoft Visual Studio\2022\Community\VC\Tools\MSVC\14.35.32215\include\ostream(806,31): message : 或    “std::basic_ostream<char,std::char_traits<char>> &std::operator <<<std::char_traits<char>>(std::basic_ostream<char,std::char_traits<char>> &,char)”
C:\Program Files\Microsoft Visual Studio\2022\Community\VC\Tools\MSVC\14.35.32215\include\ostream(923,31): message : 或    “std::basic_ostream<char,std::char_traits<char>> &std::operator <<<std::char_traits<char>>(std::basic_ostream<char,std::char_traits<char>> &,const signed char *)”
C:\Program Files\Microsoft Visual Studio\2022\Community\VC\Tools\MSVC\14.35.32215\include\ostream(929,31): message : 或    “std::basic_ostream<char,std::char_traits<char>> &std::operator <<<std::char_traits<char>>(std::basic_ostream<char,std::char_traits<char>> &,signed char)”
C:\Program Files\Microsoft Visual Studio\2022\Community\VC\Tools\MSVC\14.35.32215\include\ostream(934,31): message : 或    “std::basic_ostream<char,std::char_traits<char>> &std::operator <<<std::char_traits<char>>(std::basic_ostream<char,std::char_traits<char>> &,const unsigned char *)”
C:\Program Files\Microsoft Visual Studio\2022\Community\VC\Tools\MSVC\14.35.32215\include\ostream(940,31): message : 或    “std::basic_ostream<char,std::char_traits<char>> &std::operator <<<std::char_traits<char>>(std::basic_ostream<char,std::char_traits<char>> &,unsigned char)”
C:\Program Files\Microsoft Visual Studio\2022\Community\VC\Tools\MSVC\14.35.32215\include\ostream(1075,32): message : 或    “std::basic_ostream<char,std::char_traits<char>> &std::operator <<<char,std::char_traits<char>>(std::basic_ostream<char,std::char_traits<char>> &,const std::error_code &)”
C:\Users\mi\source\repos\homework3\homework3\homework3.cpp(284,14): message : 尝试匹配参数列表“(std::ostream, unknown-type)”时
